<?xml version="1.0" encoding="UTF-8"?>
<testng-results ignored="0" total="1" passed="1" failed="0" skipped="0">
  <reporter-output>
  </reporter-output>
  <suite started-at="2021-09-18T16:40:12Z" name="Default suite" finished-at="2021-09-18T16:40:21Z" duration-ms="8456">
    <groups>
    </groups>
    <test started-at="2021-09-18T16:40:12Z" name="Default test" finished-at="2021-09-18T16:40:21Z" duration-ms="8456">
      <class name="loginTests.TC_001">
        <test-method is-config="true" signature="startWebDriver()[pri:0, instance:loginTests.TC_001@3153ddfc]" started-at="2021-09-18T11:40:13Z" name="startWebDriver" finished-at="2021-09-18T11:40:16Z" duration-ms="3443" status="PASS">
          <reporter-output>
          </reporter-output>
        </test-method> <!-- startWebDriver -->
        <test-method signature="TC_01_CorrectLogin()[pri:0, instance:loginTests.TC_001@3153ddfc]" started-at="2021-09-18T11:40:16Z" name="TC_01_CorrectLogin" finished-at="2021-09-18T11:40:19Z" duration-ms="2855" status="PASS">
          <reporter-output>
          </reporter-output>
        </test-method> <!-- TC_01_CorrectLogin -->
        <test-method is-config="true" signature="closeDriver()[pri:0, instance:loginTests.TC_001@3153ddfc]" started-at="2021-09-18T11:40:19Z" name="closeDriver" finished-at="2021-09-18T11:40:21Z" duration-ms="2002" status="PASS">
          <reporter-output>
          </reporter-output>
        </test-method> <!-- closeDriver -->
      </class> <!-- loginTests.TC_001 -->
    </test> <!-- Default test -->
  </suite> <!-- Default suite -->
</testng-results>
