<?xml version="1.0" encoding="UTF-8"?>
<testng-results ignored="0" total="1" passed="1" failed="0" skipped="0">
  <reporter-output>
  </reporter-output>
  <suite started-at="2021-08-21T15:45:24Z" name="Default suite" finished-at="2021-08-21T15:45:28Z" duration-ms="4793">
    <groups>
    </groups>
    <test started-at="2021-08-21T15:45:24Z" name="Default test" finished-at="2021-08-21T15:45:28Z" duration-ms="4793">
      <class name="NewTest">
        <test-method signature="f()[pri:0, instance:NewTest@5be49b60]" started-at="2021-08-21T10:45:24Z" name="f" finished-at="2021-08-21T10:45:28Z" duration-ms="4759" status="PASS">
          <reporter-output>
          </reporter-output>
        </test-method> <!-- f -->
      </class> <!-- NewTest -->
    </test> <!-- Default test -->
  </suite> <!-- Default suite -->
</testng-results>
